<?xml version="1.0" encoding="UTF-8"?>
<testsuite name="brueche.BruchTest" tests="1" skipped="0" failures="0" errors="0" timestamp="2021-10-18T09:05:52" hostname="LAPTOP-Q5631Q36" time="0.028">
  <properties/>
  <testcase name="Bruch ausrechnen" classname="brueche.BruchTest" time="0.028"/>
  <system-out><![CDATA[]]></system-out>
  <system-err><![CDATA[]]></system-err>
</testsuite>
