<?xml version="1.0" encoding="UTF-8"?>
<testsuite name="brueche.BruchTest" tests="1" skipped="0" failures="0" errors="0" timestamp="2021-10-19T23:35:35" hostname="LAPTOP-MO85SV0M" time="0.018">
  <properties/>
  <testcase name="Einfachen Bruch ausrechnen" classname="brueche.BruchTest" time="0.018"/>
  <system-out><![CDATA[]]></system-out>
  <system-err><![CDATA[]]></system-err>
</testsuite>
