<?xml version="1.0" encoding="UTF-8"?>
<testsuite name="brueche.BruchTest" tests="1" skipped="0" failures="0" errors="0" timestamp="2021-10-18T09:06:13" hostname="Christophers-MacBook-Pro-2.local" time="0.018">
  <properties/>
  <testcase name="Ergebnis Teilung 3 durch 2" classname="brueche.BruchTest" time="0.018"/>
  <system-out><![CDATA[]]></system-out>
  <system-err><![CDATA[]]></system-err>
</testsuite>
